c:\users\paťo\source\repos\udssm2_kasiar\debug\vc142.pdb
c:\users\paťo\source\repos\udssm2_kasiar\debug\vc142.idb
c:\users\paťo\source\repos\udssm2_kasiar\debug\structure.obj
c:\users\paťo\source\repos\udssm2_kasiar\debug\main.obj
c:\users\paťo\source\repos\udssm2_kasiar\debug\vector.obj
c:\users\paťo\source\repos\udssm2_kasiar\debug\ds_structure_factory.obj
c:\users\paťo\source\repos\udssm2_kasiar\debug\ds_routines.obj
c:\users\paťo\source\repos\udssm2_kasiar\debug\udssm2_kasiar.exe
c:\users\paťo\source\repos\udssm2_kasiar\debug\udssm2_kasiar.ilk
c:\users\paťo\source\repos\udssm2_kasiar\debug\udssm2_kasiar.pdb
c:\users\paťo\source\repos\udssm2_kasiar\debug\udssm2_kasiar.res
c:\users\paťo\source\repos\udssm2_kasiar\debug\udssm2_kasiar.tlog\cl.command.1.tlog
c:\users\paťo\source\repos\udssm2_kasiar\debug\udssm2_kasiar.tlog\cl.read.1.tlog
c:\users\paťo\source\repos\udssm2_kasiar\debug\udssm2_kasiar.tlog\cl.write.1.tlog
c:\users\paťo\source\repos\udssm2_kasiar\debug\udssm2_kasiar.tlog\link.command.1.tlog
c:\users\paťo\source\repos\udssm2_kasiar\debug\udssm2_kasiar.tlog\link.read.1.tlog
c:\users\paťo\source\repos\udssm2_kasiar\debug\udssm2_kasiar.tlog\link.write.1.tlog
c:\users\paťo\source\repos\udssm2_kasiar\debug\udssm2_kasiar.tlog\rc.command.1.tlog
c:\users\paťo\source\repos\udssm2_kasiar\debug\udssm2_kasiar.tlog\rc.read.1.tlog
c:\users\paťo\source\repos\udssm2_kasiar\debug\udssm2_kasiar.tlog\rc.write.1.tlog
