  Filter.cpp
C:\Users\Paťo\source\repos\UDSSM2_Kasiar\array_list.h(289,13): warning C4018: '<': signed/unsigned mismatch
C:\Users\Paťo\source\repos\UDSSM2_Kasiar\array_list.h(286): message : while compiling class template member function 'T structures::ArrayList<T>::removeAt(const int)'
          with
          [
              T=structures::TableItem<int,UzemnaJednotka *> *
          ]
C:\Users\Paťo\source\repos\UDSSM2_Kasiar\array_list.h(278): message : see reference to function template instantiation 'T structures::ArrayList<T>::removeAt(const int)' being compiled
          with
          [
              T=structures::TableItem<int,UzemnaJednotka *> *
          ]
C:\Users\Paťo\source\repos\UDSSM2_Kasiar\sorted_sequence_table.h(49): message : see reference to class template instantiation 'structures::ArrayList<structures::TableItem<int,UzemnaJednotka *> *>' being compiled
C:\Users\Paťo\source\repos\UDSSM2_Kasiar\sorted_sequence_table.h(48): message : while compiling class template member function 'structures::SortedSequenceTable<int,UzemnaJednotka *>::SortedSequenceTable(void)'
C:\Users\Paťo\source\repos\UDSSM2_Kasiar\sorted_sequence_table.h(55): message : see reference to function template instantiation 'structures::SortedSequenceTable<int,UzemnaJednotka *>::SortedSequenceTable(void)' being compiled
C:\Users\Paťo\source\repos\UDSSM2_Kasiar\sorted_sequence_table.h(54): message : while compiling class template member function 'structures::SortedSequenceTable<int,UzemnaJednotka *>::SortedSequenceTable(const structures::SortedSequenceTable<int,UzemnaJednotka *> &)'
C:\Users\Paťo\source\repos\UDSSM2_Kasiar\sorted_sequence_table.h(69): message : see reference to function template instantiation 'structures::SortedSequenceTable<int,UzemnaJednotka *>::SortedSequenceTable(const structures::SortedSequenceTable<int,UzemnaJednotka *> &)' being compiled
C:\Users\Paťo\source\repos\UDSSM2_Kasiar\sorted_sequence_table.h(68): message : while compiling class template member function 'structures::Structure *structures::SortedSequenceTable<int,UzemnaJednotka *>::clone(void) const'
C:\Users\Paťo\source\repos\UDSSM2_Kasiar\Filter.cpp(18): message : see reference to class template instantiation 'structures::SortedSequenceTable<int,UzemnaJednotka *>' being compiled
  Generating code
  1 of 467 functions ( 0.2%) were compiled, the rest were copied from previous compilation.
    0 functions were new in current compilation
    1 functions had inline decision re-evaluated but remain unchanged
  Finished generating code
  UDSSM2_Kasiar.vcxproj -> C:\Users\Paťo\source\repos\UDSSM2_Kasiar\Release\UDSSM2_Kasiar.exe
